0 info it worked if it ends with ok
1 verbose cli [ '/home/zero/.nvm/versions/node/v6.10.3/bin/node',
1 verbose cli   '/home/zero/.nvm/versions/node/v6.10.3/bin/npm',
1 verbose cli   'run',
1 verbose cli   'db-restore' ]
2 info using npm@3.10.10
3 info using node@v6.10.3
4 verbose run-script [ 'predb-restore', 'db-restore', 'postdb-restore' ]
5 info lifecycle RESTful-API@0.0.1~predb-restore: RESTful-API@0.0.1
6 silly lifecycle RESTful-API@0.0.1~predb-restore: no script for predb-restore, continuing
7 info lifecycle RESTful-API@0.0.1~db-restore: RESTful-API@0.0.1
8 verbose lifecycle RESTful-API@0.0.1~db-restore: unsafe-perm in lifecycle true
9 verbose lifecycle RESTful-API@0.0.1~db-restore: PATH: /home/zero/.nvm/versions/node/v6.10.3/lib/node_modules/npm/bin/node-gyp-bin:/home/zero/2019.8.12/Peersview-api/node_modules/.bin:/home/zero/.nvm/versions/node/v6.10.3/bin:/usr/local/sbin:/usr/local/bin:/usr/sbin:/usr/bin:/sbin:/bin:/usr/games:/usr/local/games:/snap/bin
10 verbose lifecycle RESTful-API@0.0.1~db-restore: CWD: /home/zero/2019.8.12/Peersview-api
11 silly lifecycle RESTful-API@0.0.1~db-restore: Args: [ '-c', 'restore-db.sh $HOME/db-backup/peersview' ]
12 info lifecycle RESTful-API@0.0.1~db-restore: Failed to exec db-restore script
13 verbose stack Error: RESTful-API@0.0.1 db-restore: `restore-db.sh $HOME/db-backup/peersview`
13 verbose stack spawn ENOENT
13 verbose stack     at ChildProcess.<anonymous> (/home/zero/.nvm/versions/node/v6.10.3/lib/node_modules/npm/lib/utils/spawn.js:33:16)
13 verbose stack     at emitTwo (events.js:106:13)
13 verbose stack     at ChildProcess.emit (events.js:191:7)
13 verbose stack     at maybeClose (internal/child_process.js:886:16)
13 verbose stack     at Process.ChildProcess._handle.onexit (internal/child_process.js:226:5)
14 verbose pkgid RESTful-API@0.0.1
15 verbose cwd /home/zero/2019.8.12/Peersview-api
16 error Linux 4.4.0-157-generic
17 error argv "/home/zero/.nvm/versions/node/v6.10.3/bin/node" "/home/zero/.nvm/versions/node/v6.10.3/bin/npm" "run" "db-restore"
18 error node v6.10.3
19 error npm  v3.10.10
20 error file sh
21 error code ELIFECYCLE
22 error errno ENOENT
23 error syscall spawn
24 error RESTful-API@0.0.1 db-restore: `restore-db.sh $HOME/db-backup/peersview`
24 error spawn ENOENT
25 error Failed at the RESTful-API@0.0.1 db-restore script 'restore-db.sh $HOME/db-backup/peersview'.
25 error Make sure you have the latest version of node.js and npm installed.
25 error If you do, this is most likely a problem with the RESTful-API package,
25 error not with npm itself.
25 error Tell the author that this fails on your system:
25 error     restore-db.sh $HOME/db-backup/peersview
25 error You can get information on how to open an issue for this project with:
25 error     npm bugs RESTful-API
25 error Or if that isn't available, you can get their info via:
25 error     npm owner ls RESTful-API
25 error There is likely additional logging output above.
26 verbose exit [ 1, true ]
